# JRE version: OpenJDK Runtime Environment Microsoft-13106358 (17.0.18+8) (build 17.0.18+8-LTS)
# Java VM: OpenJDK 64-Bit Server VM Microsoft-13106358 (17.0.18+8-LTS, mixed mode, sharing, tiered, compressed oops, compressed class ptrs, g1 gc, windows-amd64)
GC Precious Log:
 CPUs: 12 total, 12 available
 Memory: 7812M
 Large Page Support: Disabled
 NUMA Support: Disabled
 Compressed Oops: Enabled (32-bit)
 Heap Region Size: 1M
 Heap Min Capacity: 8M
 Heap Initial Capacity: 124M
 Heap Max Capacity: 2G
 Pre-touch: Disabled
 Parallel Workers: 10
 Concurrent Workers: 3
 Concurrent Refinement Workers: 10
 Periodic GC: Disabled
Heap:
 garbage-first heap   total 239616K, used 62993K [0x0000000080000000, 0x0000000100000000)
  region size 1024K, 6 young (6144K), 6 survivors (6144K)
 Metaspace       used 41818K, committed 42304K, reserved 491520K
  class space    used 5525K, committed 5760K, reserved 425984K
GC Heap History (20 events):
Event: 186.533 GC heap after
{Heap after GC invocations=59 (full 0):
 garbage-first heap   total 199680K, used 60693K [0x0000000080000000, 0x0000000100000000)
  region size 1024K, 8 young (8192K), 8 survivors (8192K)
 Metaspace       used 39852K, committed 40320K, reserved 491520K
  class space    used 5409K, committed 5632K, reserved 425984K
}
Event: 187.514 GC heap before
{Heap before GC invocations=59 (full 0):
 garbage-first heap   total 199680K, used 170261K [0x0000000080000000, 0x0000000100000000)
  region size 1024K, 115 young (117760K), 8 survivors (8192K)
 Metaspace       used 39852K, committed 40320K, reserved 491520K
  class space    used 5409K, committed 5632K, reserved 425984K
}
Event: 187.534 GC heap after
{Heap after GC invocations=60 (full 0):
 garbage-first heap   total 199680K, used 60601K [0x0000000080000000, 0x0000000100000000)
  region size 1024K, 8 young (8192K), 8 survivors (8192K)
 Metaspace       used 39852K, committed 40320K, reserved 491520K
  class space    used 5409K, committed 5632K, reserved 425984K
}
Event: 188.389 GC heap before
{Heap before GC invocations=60 (full 0):
 garbage-first heap   total 199680K, used 169145K [0x0000000080000000, 0x0000000100000000)
  region size 1024K, 114 young (116736K), 8 survivors (8192K)
 Metaspace       used 39852K, committed 40320K, reserved 491520K
  class space    used 5409K, committed 5632K, reserved 425984K
}
Event: 188.402 GC heap after
{Heap after GC invocations=61 (full 0):
 garbage-first heap   total 199680K, used 60896K [0x0000000080000000, 0x0000000100000000)
  region size 1024K, 8 young (8192K), 8 survivors (8192K)
 Metaspace       used 39852K, committed 40320K, reserved 491520K
  class space    used 5409K, committed 5632K, reserved 425984K
}
Event: 189.943 GC heap before
{Heap before GC invocations=61 (full 0):
 garbage-first heap   total 199680K, used 169440K [0x0000000080000000, 0x0000000100000000)
  region size 1024K, 114 young (116736K), 8 survivors (8192K)
 Metaspace       used 39854K, committed 40320K, reserved 491520K
  class space    used 5409K, committed 5632K, reserved 425984K
}
Event: 190.013 GC heap after
{Heap after GC invocations=62 (full 0):
 garbage-first heap   total 239616K, used 61632K [0x0000000080000000, 0x0000000100000000)
  region size 1024K, 8 young (8192K), 8 survivors (8192K)
 Metaspace       used 39854K, committed 40320K, reserved 491520K
  class space    used 5409K, committed 5632K, reserved 425984K
}
Event: 195.686 GC heap before
{Heap before GC invocations=62 (full 0):
 garbage-first heap   total 239616K, used 196800K [0x0000000080000000, 0x0000000100000000)
  region size 1024K, 140 young (143360K), 8 survivors (8192K)
 Metaspace       used 39854K, committed 40320K, reserved 491520K
  class space    used 5409K, committed 5632K, reserved 425984K
}
Event: 195.712 GC heap after
{Heap after GC invocations=63 (full 0):
 garbage-first heap   total 239616K, used 62371K [0x0000000080000000, 0x0000000100000000)
  region size 1024K, 9 young (9216K), 9 survivors (9216K)
 Metaspace       used 39854K, committed 40320K, reserved 491520K
  class space    used 5409K, committed 5632K, reserved 425984K
}
Event: 198.925 GC heap before
{Heap before GC invocations=63 (full 0):
 garbage-first heap   total 239616K, used 196515K [0x0000000080000000, 0x0000000100000000)
  region size 1024K, 140 young (143360K), 9 survivors (9216K)
 Metaspace       used 39854K, committed 40320K, reserved 491520K
  class space    used 5409K, committed 5632K, reserved 425984K
}
Event: 198.977 GC heap after
{Heap after GC invocations=64 (full 0):
 garbage-first heap   total 239616K, used 62567K [0x0000000080000000, 0x0000000100000000)
  region size 1024K, 8 young (8192K), 8 survivors (8192K)
 Metaspace       used 39854K, committed 40320K, reserved 491520K
  class space    used 5409K, committed 5632K, reserved 425984K
}
Event: 203.718 GC heap before
{Heap before GC invocations=64 (full 0):
 garbage-first heap   total 239616K, used 197735K [0x0000000080000000, 0x0000000100000000)
  region size 1024K, 140 young (143360K), 8 survivors (8192K)
 Metaspace       used 39855K, committed 40320K, reserved 491520K
  class space    used 5409K, committed 5632K, reserved 425984K
}
Event: 203.754 GC heap after
{Heap after GC invocations=65 (full 0):
 garbage-first heap   total 239616K, used 63378K [0x0000000080000000, 0x0000000100000000)
  region size 1024K, 9 young (9216K), 9 survivors (9216K)
 Metaspace       used 39855K, committed 40320K, reserved 491520K
  class space    used 5409K, committed 5632K, reserved 425984K
}
Event: 207.681 GC heap before
{Heap before GC invocations=65 (full 0):
 garbage-first heap   total 239616K, used 197522K [0x0000000080000000, 0x0000000100000000)
  region size 1024K, 140 young (143360K), 9 survivors (9216K)
 Metaspace       used 39856K, committed 40320K, reserved 491520K
  class space    used 5409K, committed 5632K, reserved 425984K
}
Event: 207.763 GC heap after
{Heap after GC invocations=66 (full 0):
 garbage-first heap   total 239616K, used 64245K [0x0000000080000000, 0x0000000100000000)
  region size 1024K, 9 young (9216K), 9 survivors (9216K)
 Metaspace       used 39856K, committed 40320K, reserved 491520K
  class space    used 5409K, committed 5632K, reserved 425984K
}
Event: 211.237 GC heap before
{Heap before GC invocations=66 (full 0):
 garbage-first heap   total 239616K, used 198389K [0x0000000080000000, 0x0000000100000000)
  region size 1024K, 140 young (143360K), 9 survivors (9216K)
 Metaspace       used 39857K, committed 40320K, reserved 491520K
  class space    used 5409K, committed 5632K, reserved 425984K
}
Event: 211.309 GC heap after
{Heap after GC invocations=67 (full 0):
 garbage-first heap   total 239616K, used 64985K [0x0000000080000000, 0x0000000100000000)
  region size 1024K, 9 young (9216K), 9 survivors (9216K)
 Metaspace       used 39857K, committed 40320K, reserved 491520K
  class space    used 5409K, committed 5632K, reserved 425984K
}
Event: 214.757 GC heap before
{Heap before GC invocations=67 (full 0):
 garbage-first heap   total 239616K, used 199129K [0x0000000080000000, 0x0000000100000000)
  region size 1024K, 140 young (143360K), 9 survivors (9216K)
 Metaspace       used 39857K, committed 40320K, reserved 491520K
  class space    used 5409K, committed 5632K, reserved 425984K
}
Event: 214.827 GC heap after
{Heap after GC invocations=68 (full 0):
 garbage-first heap   total 239616K, used 65076K [0x0000000080000000, 0x0000000100000000)
  region size 1024K, 8 young (8192K), 8 survivors (8192K)
 Metaspace       used 39857K, committed 40320K, reserved 491520K
  class space    used 5409K, committed 5632K, reserved 425984K
}
Event: 240.658 GC heap before
{Heap before GC invocations=68 (full 0):
 garbage-first heap   total 239616K, used 201268K [0x0000000080000000, 0x0000000100000000)
  region size 1024K, 140 young (143360K), 8 survivors (8192K)
 Metaspace       used 41818K, committed 42304K, reserved 491520K
  class space    used 5525K, committed 5760K, reserved 425984K
}

